FirebaseTest/app/build/intermediates/manifest_merge_blame_file/debug/manifest-merger-blame-debug-report.txt
1<?xml version="1.0" encoding="utf-8"?>
2<manifest xmlns:android="http://schemas.android.com/apk/res/android"
3    package="com.example.firebasetest"
4    android:versionCode="1"
5    android:versionName="1.0" >
6
7    <uses-sdk
8        android:minSdkVersion="24"
8-->src\main\AndroidManifest.xml
9        android:targetSdkVersion="33" />
9-->src\main\AndroidManifest.xml
10
11    <uses-permission android:name="android.permission.ACCESS_NETWORK_STATE" />
11-->src\main\AndroidManifest.xml:5:5-79
11-->src\main\AndroidManifest.xml:5:22-76
12    <uses-permission android:name="android.permission.INTERNET" />
12-->src\main\AndroidManifest.xml:6:5-67
12-->src\main\AndroidManifest.xml:6:22-64
13    <uses-permission android:name="android.permission.WAKE_LOCK" /> <!-- Required by older versions of Google Play services to create IID tokens -->
13-->[com.google.firebase:firebase-messaging:23.0.3] AndroidManifest.xml:26:5-68
13-->[com.google.firebase:firebase-messaging:23.0.3] AndroidManifest.xml:26:22-65
14    <uses-permission android:name="com.google.android.c2dm.permission.RECEIVE" />
14-->[com.google.firebase:firebase-messaging:23.0.3] AndroidManifest.xml:28:5-82
14-->[com.google.firebase:firebase-messaging:23.0.3] AndroidManifest.xml:28:22-79
15    <uses-permission android:name="com.google.android.gms.permission.AD_ID" />
15-->[com.google.android.gms:play-services-measurement-api:21.3.0] AndroidManifest.xml:25:5-79
15-->[com.google.android.gms:play-services-measurement-api:21.3.0] AndroidManifest.xml:25:22-76
16    <uses-permission android:name="com.google.android.finsky.permission.BIND_GET_INSTALL_REFERRER_SERVICE" />
16-->[com.google.android.gms:play-services-measurement:21.3.0] AndroidManifest.xml:26:5-110
16-->[com.google.android.gms:play-services-measurement:21.3.0] AndroidManifest.xml:26:22-107
17
18    <application
18-->src\main\AndroidManifest.xml:8:5-152:19
19        android:allowBackup="true"
19-->src\main\AndroidManifest.xml:9:9-35
20        android:appComponentFactory="androidx.core.app.CoreComponentFactory"
20-->[androidx.core:core:1.8.0] AndroidManifest.xml:24:18-86
21        android:dataExtractionRules="@xml/data_extraction_rules"
21-->src\main\AndroidManifest.xml:10:9-65
22        android:debuggable="true"
23        android:extractNativeLibs="false"
24        android:fullBackupContent="@xml/backup_rules"
24-->src\main\AndroidManifest.xml:11:9-54
25        android:icon="@mipmap/ic_launcher"
25-->src\main\AndroidManifest.xml:12:9-43
26        android:label="@string/app_name"
26-->src\main\AndroidManifest.xml:13:9-41
27        android:supportsRtl="true"
27-->src\main\AndroidManifest.xml:14:9-35
28        android:testOnly="true"
29        android:theme="@style/Theme.FirebaseTest" >
29-->src\main\AndroidManifest.xml:15:9-50
30        <activity
30-->src\main\AndroidManifest.xml:17:9-19:40
31            android:name="com.example.firebasetest.ArrrPayActivity"
31-->src\main\AndroidManifest.xml:18:13-44
32            android:exported="false" />
32-->src\main\AndroidManifest.xml:19:13-37
33        <activity
33-->src\main\AndroidManifest.xml:20:9-22:40
34            android:name="com.example.firebasetest.BestItemActivity"
34-->src\main\AndroidManifest.xml:21:13-45
35            android:exported="false" />
35-->src\main\AndroidManifest.xml:22:13-37
36        <activity
36-->src\main\AndroidManifest.xml:23:9-25:40
37            android:name="com.example.firebasetest.CategoryActivity"
37-->src\main\AndroidManifest.xml:24:13-45
38            android:exported="false" />
38-->src\main\AndroidManifest.xml:25:13-37
39
40        <service
40-->src\main\AndroidManifest.xml:27:9-33:19
41            android:name="com.example.firebasetest.MyFirebaseMessagingService"
41-->src\main\AndroidManifest.xml:28:13-55
42            android:exported="false" >
42-->src\main\AndroidManifest.xml:29:13-37
43            <intent-filter>
43-->src\main\AndroidManifest.xml:30:13-32:29
44                <action android:name="com.google.firebase.MESSAGING_EVENT" />
44-->src\main\AndroidManifest.xml:31:17-78
44-->src\main\AndroidManifest.xml:31:25-75
45            </intent-filter>
46        </service>
47
48        <activity
48-->src\main\AndroidManifest.xml:35:9-37:40
49            android:name="com.example.firebasetest.LargeImageActivity"
49-->src\main\AndroidManifest.xml:36:13-47
50            android:exported="false" />
50-->src\main\AndroidManifest.xml:37:13-37
51        <activity
51-->src\main\AndroidManifest.xml:38:9-40:40
52            android:name="com.example.firebasetest.MyConfirmItemActivity"
52-->src\main\AndroidManifest.xml:39:13-50
53            android:exported="false" />
53-->src\main\AndroidManifest.xml:40:13-37
54        <activity
54-->src\main\AndroidManifest.xml:41:9-43:40
55            android:name="com.example.firebasetest.TotalAuctionActivity"
55-->src\main\AndroidManifest.xml:42:13-49
56            android:exported="false" />
56-->src\main\AndroidManifest.xml:43:13-37
57        <activity
57-->src\main\AndroidManifest.xml:44:9-46:40
58            android:name="com.example.firebasetest.AnnounceActivity"
58-->src\main\AndroidManifest.xml:45:13-45
59            android:exported="false" />
59-->src\main\AndroidManifest.xml:46:13-37
60        <activity
60-->src\main\AndroidManifest.xml:47:9-49:40
61            android:name="com.example.firebasetest.AnnounceDetailActivity"
61-->src\main\AndroidManifest.xml:48:13-51
62            android:exported="false" />
62-->src\main\AndroidManifest.xml:49:13-37
63        <activity
63-->src\main\AndroidManifest.xml:50:9-52:40
64            android:name="com.example.firebasetest.AnnounceEditActivity"
64-->src\main\AndroidManifest.xml:51:13-49
65            android:exported="false" />
65-->src\main\AndroidManifest.xml:52:13-37
66        <activity
66-->src\main\AndroidManifest.xml:53:9-55:40
67            android:name="com.example.firebasetest.AnnounceRegistActivity"
67-->src\main\AndroidManifest.xml:54:13-51
68            android:exported="false" />
68-->src\main\AndroidManifest.xml:55:13-37
69        <activity
69-->src\main\AndroidManifest.xml:56:9-58:40
70            android:name="com.example.firebasetest.SalesActivity"
70-->src\main\AndroidManifest.xml:57:13-42
71            android:exported="false" />
71-->src\main\AndroidManifest.xml:58:13-37
72        <activity
72-->src\main\AndroidManifest.xml:59:9-61:40
73            android:name="com.example.firebasetest.AlarmActivity"
73-->src\main\AndroidManifest.xml:60:13-42
74            android:exported="false" />
74-->src\main\AndroidManifest.xml:61:13-37
75        <activity
75-->src\main\AndroidManifest.xml:62:9-64:40
76            android:name="com.example.firebasetest.MyEventActivity"
76-->src\main\AndroidManifest.xml:63:13-44
77            android:exported="false" />
77-->src\main\AndroidManifest.xml:64:13-37
78        <activity
78-->src\main\AndroidManifest.xml:65:9-67:40
79            android:name="com.example.firebasetest.MyBuyItemsActivity"
79-->src\main\AndroidManifest.xml:66:13-47
80            android:exported="false" />
80-->src\main\AndroidManifest.xml:67:13-37
81        <activity
81-->src\main\AndroidManifest.xml:68:9-70:40
82            android:name="com.example.firebasetest.MyTransactionActivity"
82-->src\main\AndroidManifest.xml:69:13-50
83            android:exported="false" />
83-->src\main\AndroidManifest.xml:70:13-37
84        <activity
84-->src\main\AndroidManifest.xml:71:9-73:40
85            android:name="com.example.firebasetest.MyShareDetailActivity"
85-->src\main\AndroidManifest.xml:72:13-50
86            android:exported="false" />
86-->src\main\AndroidManifest.xml:73:13-37
87        <activity
87-->src\main\AndroidManifest.xml:74:9-76:40
88            android:name="com.example.firebasetest.MyShareActivity"
88-->src\main\AndroidManifest.xml:75:13-44
89            android:exported="false" />
89-->src\main\AndroidManifest.xml:76:13-37
90        <activity
90-->src\main\AndroidManifest.xml:77:9-79:40
91            android:name="com.example.firebasetest.EventAuctionRegisterItemActivity"
91-->src\main\AndroidManifest.xml:78:13-61
92            android:exported="false" />
92-->src\main\AndroidManifest.xml:79:13-37
93        <activity
93-->src\main\AndroidManifest.xml:80:9-82:40
94            android:name="com.example.firebasetest.EventAuctionDetailItemActivity"
94-->src\main\AndroidManifest.xml:81:13-59
95            android:exported="false" />
95-->src\main\AndroidManifest.xml:82:13-37
96        <activity
96-->src\main\AndroidManifest.xml:83:9-85:40
97            android:name="com.example.firebasetest.EventAuctionActivity"
97-->src\main\AndroidManifest.xml:84:13-49
98            android:exported="false" />
98-->src\main\AndroidManifest.xml:85:13-37
99        <activity
99-->src\main\AndroidManifest.xml:86:9-88:40
100            android:name="com.example.firebasetest.MembershipActivity"
100-->src\main\AndroidManifest.xml:87:13-47
101            android:exported="false" />
101-->src\main\AndroidManifest.xml:88:13-37
102        <activity
102-->src\main\AndroidManifest.xml:89:9-97:20
103            android:name="com.example.firebasetest.LobyActivity"
103-->src\main\AndroidManifest.xml:90:13-41
104            android:exported="true" >
104-->src\main\AndroidManifest.xml:91:13-36
105            <intent-filter>
105-->src\main\AndroidManifest.xml:92:13-96:29
106                <action android:name="android.intent.action.MAIN" />
106-->src\main\AndroidManifest.xml:93:17-69
106-->src\main\AndroidManifest.xml:93:25-66
107
108                <category android:name="android.intent.category.LAUNCHER" />
108-->src\main\AndroidManifest.xml:95:17-77
108-->src\main\AndroidManifest.xml:95:27-74
109            </intent-filter>
110        </activity>
111        <activity
111-->src\main\AndroidManifest.xml:98:9-100:40
112            android:name="com.example.firebasetest.ShareDetailActivity"
112-->src\main\AndroidManifest.xml:99:13-48
113            android:exported="false" />
113-->src\main\AndroidManifest.xml:100:13-37
114        <activity
114-->src\main\AndroidManifest.xml:101:9-103:40
115            android:name="com.example.firebasetest.MyPageActivity"
115-->src\main\AndroidManifest.xml:102:13-43
116            android:exported="false" />
116-->src\main\AndroidManifest.xml:103:13-37
117        <activity
117-->src\main\AndroidManifest.xml:104:9-106:40
118            android:name="com.example.firebasetest.ModifyActivity"
118-->src\main\AndroidManifest.xml:105:13-43
119            android:exported="false" />
119-->src\main\AndroidManifest.xml:106:13-37
120        <activity
120-->src\main\AndroidManifest.xml:107:9-109:40
121            android:name="com.example.firebasetest.ShareRegistItemActivity"
121-->src\main\AndroidManifest.xml:108:13-52
122            android:exported="false" />
122-->src\main\AndroidManifest.xml:109:13-37
123        <activity
123-->src\main\AndroidManifest.xml:110:9-112:40
124            android:name="com.example.firebasetest.BiddingDetailItemActivity"
124-->src\main\AndroidManifest.xml:111:13-54
125            android:exported="false" />
125-->src\main\AndroidManifest.xml:112:13-37
126        <activity
126-->src\main\AndroidManifest.xml:113:9-115:40
127            android:name="com.example.firebasetest.ShareActivity"
127-->src\main\AndroidManifest.xml:114:13-42
128            android:exported="false" />
128-->src\main\AndroidManifest.xml:115:13-37
129        <activity
129-->src\main\AndroidManifest.xml:116:9-118:40
130            android:name="com.example.firebasetest.MyItemDetailActivity"
130-->src\main\AndroidManifest.xml:117:13-49
131            android:exported="false" />
131-->src\main\AndroidManifest.xml:118:13-37
132        <activity
132-->src\main\AndroidManifest.xml:119:9-121:40
133            android:name="com.example.firebasetest.EditItemActivity"
133-->src\main\AndroidManifest.xml:120:13-45
134            android:exported="false" />
134-->src\main\AndroidManifest.xml:121:13-37
135        <activity
135-->src\main\AndroidManifest.xml:122:9-124:40
136            android:name="com.example.firebasetest.UpdateDataActivity"
136-->src\main\AndroidManifest.xml:123:13-47
137            android:exported="false" />
137-->src\main\AndroidManifest.xml:124:13-37
138        <activity
138-->src\main\AndroidManifest.xml:125:9-127:40
139            android:name="com.example.firebasetest.MyItemsActivity"
139-->src\main\AndroidManifest.xml:126:13-44
140            android:exported="false" />
140-->src\main\AndroidManifest.xml:127:13-37
141        <activity
141-->src\main\AndroidManifest.xml:128:9-130:40
142            android:name="com.example.firebasetest.OpenRegistItemActivity"
142-->src\main\AndroidManifest.xml:129:13-51
143            android:exported="false" />
143-->src\main\AndroidManifest.xml:130:13-37
144        <activity
144-->src\main\AndroidManifest.xml:131:9-133:40
145            android:name="com.example.firebasetest.OpenDetailItemActivity"
145-->src\main\AndroidManifest.xml:132:13-51
146            android:exported="false" />
146-->src\main\AndroidManifest.xml:133:13-37
147        <activity
147-->src\main\AndroidManifest.xml:134:9-136:40
148            android:name="com.example.firebasetest.BiddingRegistItemActivity"
148-->src\main\AndroidManifest.xml:135:13-54
149            android:exported="false" />
149-->src\main\AndroidManifest.xml:136:13-37
150        <activity
150-->src\main\AndroidManifest.xml:137:9-139:40
151            android:name="com.example.firebasetest.HomeActivity"
151-->src\main\AndroidManifest.xml:138:13-41
152            android:exported="false" />
152-->src\main\AndroidManifest.xml:139:13-37
153        <activity
153-->src\main\AndroidManifest.xml:140:9-142:40
154            android:name="com.example.firebasetest.BiddingActivity"
154-->src\main\AndroidManifest.xml:141:13-44
155            android:exported="false" />
155-->src\main\AndroidManifest.xml:142:13-37
156        <activity
156-->src\main\AndroidManifest.xml:143:9-145:40
157            android:name="com.example.firebasetest.OpenAuctionActivity"
157-->src\main\AndroidManifest.xml:144:13-48
158            android:exported="false" />
158-->src\main\AndroidManifest.xml:145:13-37
159        <activity
159-->src\main\AndroidManifest.xml:146:9-148:40
160            android:name="com.example.firebasetest.RegisterActivity"
160-->src\main\AndroidManifest.xml:147:13-45
161            android:exported="false" />
161-->src\main\AndroidManifest.xml:148:13-37
162        <activity
162-->src\main\AndroidManifest.xml:149:9-151:40
163            android:name="com.example.firebasetest.LoginActivity"
163-->src\main\AndroidManifest.xml:150:13-42
164            android:exported="false" />
164-->src\main\AndroidManifest.xml:151:13-37
165        <activity
165-->[com.github.tosspayments:payment-sdk-android:0.1.9] AndroidManifest.xml:12:9-15:52
166            android:name="com.tosspayments.paymentsdk.activity.TossPaymentActivity"
166-->[com.github.tosspayments:payment-sdk-android:0.1.9] AndroidManifest.xml:13:13-84
167            android:launchMode="singleTask"
167-->[com.github.tosspayments:payment-sdk-android:0.1.9] AndroidManifest.xml:14:13-44
168            android:screenOrientation="portrait" />
168-->[com.github.tosspayments:payment-sdk-android:0.1.9] AndroidManifest.xml:15:13-49
169        <activity
169-->[com.github.tosspayments:payment-sdk-android:0.1.9] AndroidManifest.xml:16:9-19:52
170            android:name="com.tosspayments.paymentsdk.activity.TossPaymentsWebActivity"
170-->[com.github.tosspayments:payment-sdk-android:0.1.9] AndroidManifest.xml:17:13-88
171            android:launchMode="singleTask"
171-->[com.github.tosspayments:payment-sdk-android:0.1.9] AndroidManifest.xml:18:13-44
172            android:screenOrientation="portrait" />
172-->[com.github.tosspayments:payment-sdk-android:0.1.9] AndroidManifest.xml:19:13-49
173
174        <service
174-->[com.google.firebase:firebase-functions-ktx:20.3.1] AndroidManifest.xml:11:9-17:19
175            android:name="com.google.firebase.components.ComponentDiscoveryService"
175-->[com.google.firebase:firebase-functions-ktx:20.3.1] AndroidManifest.xml:12:13-84
176            android:directBootAware="true"
176-->[com.google.firebase:firebase-common:20.3.2] AndroidManifest.xml:34:13-43
177            android:exported="false" >
177-->[com.google.firebase:firebase-functions-ktx:20.3.1] AndroidManifest.xml:13:13-37
178            <meta-data
178-->[com.google.firebase:firebase-functions-ktx:20.3.1] AndroidManifest.xml:14:13-16:85
179                android:name="com.google.firebase.components:com.google.firebase.functions.ktx.FirebaseFunctionsKtxRegistrar"
179-->[com.google.firebase:firebase-functions-ktx:20.3.1] AndroidManifest.xml:15:17-126
180                android:value="com.google.firebase.components.ComponentRegistrar" />
180-->[com.google.firebase:firebase-functions-ktx:20.3.1] AndroidManifest.xml:16:17-82
181            <meta-data
181-->[com.google.firebase:firebase-auth-ktx:22.1.0] AndroidManifest.xml:11:13-13:85
182                android:name="com.google.firebase.components:com.google.firebase.auth.ktx.FirebaseAuthKtxRegistrar"
182-->[com.google.firebase:firebase-auth-ktx:22.1.0] AndroidManifest.xml:12:17-116
183                android:value="com.google.firebase.components.ComponentRegistrar" />
183-->[com.google.firebase:firebase-auth-ktx:22.1.0] AndroidManifest.xml:13:17-82
184            <meta-data
184-->[com.google.firebase:firebase-firestore-ktx:24.7.0] AndroidManifest.xml:14:13-16:85
185                android:name="com.google.firebase.components:com.google.firebase.firestore.ktx.FirebaseFirestoreKtxRegistrar"
185-->[com.google.firebase:firebase-firestore-ktx:24.7.0] AndroidManifest.xml:15:17-126
186                android:value="com.google.firebase.components.ComponentRegistrar" />
186-->[com.google.firebase:firebase-firestore-ktx:24.7.0] AndroidManifest.xml:16:17-82
187            <meta-data
187-->[com.google.firebase:firebase-common-ktx:20.3.1] AndroidManifest.xml:14:13-16:85
188                android:name="com.google.firebase.components:com.google.firebase.ktx.FirebaseCommonKtxRegistrar"
188-->[com.google.firebase:firebase-common-ktx:20.3.1] AndroidManifest.xml:15:17-113
189                android:value="com.google.firebase.components.ComponentRegistrar" />
189-->[com.google.firebase:firebase-common-ktx:20.3.1] AndroidManifest.xml:16:17-82
190            <meta-data
190-->[com.google.firebase:firebase-auth:22.1.0] AndroidManifest.xml:69:13-71:85
191                android:name="com.google.firebase.components:com.google.firebase.auth.FirebaseAuthRegistrar"
191-->[com.google.firebase:firebase-auth:22.1.0] AndroidManifest.xml:70:17-109
192                android:value="com.google.firebase.components.ComponentRegistrar" />
192-->[com.google.firebase:firebase-auth:22.1.0] AndroidManifest.xml:71:17-82
193            <meta-data
193-->[com.google.firebase:firebase-functions:20.3.1] AndroidManifest.xml:17:13-19:85
194                android:name="com.google.firebase.components:com.google.firebase.functions.FunctionsRegistrar"
194-->[com.google.firebase:firebase-functions:20.3.1] AndroidManifest.xml:18:17-111
195                android:value="com.google.firebase.components.ComponentRegistrar" />
195-->[com.google.firebase:firebase-functions:20.3.1] AndroidManifest.xml:19:17-82
196            <meta-data
196-->[com.google.firebase:firebase-database:20.2.2] AndroidManifest.xml:31:13-33:85
197                android:name="com.google.firebase.components:com.google.firebase.database.DatabaseRegistrar"
197-->[com.google.firebase:firebase-database:20.2.2] AndroidManifest.xml:32:17-109
198                android:value="com.google.firebase.components.ComponentRegistrar" />
198-->[com.google.firebase:firebase-database:20.2.2] AndroidManifest.xml:33:17-82
199            <meta-data
199-->[com.google.firebase:firebase-storage:20.2.1] AndroidManifest.xml:32:13-34:85
200                android:name="com.google.firebase.components:com.google.firebase.storage.StorageRegistrar"
200-->[com.google.firebase:firebase-storage:20.2.1] AndroidManifest.xml:33:17-107
201                android:value="com.google.firebase.components.ComponentRegistrar" />
201-->[com.google.firebase:firebase-storage:20.2.1] AndroidManifest.xml:34:17-82
202            <meta-data
202-->[com.google.firebase:firebase-messaging:23.0.3] AndroidManifest.xml:55:13-57:85
203                android:name="com.google.firebase.components:com.google.firebase.messaging.FirebaseMessagingRegistrar"
203-->[com.google.firebase:firebase-messaging:23.0.3] AndroidManifest.xml:56:17-119
204                android:value="com.google.firebase.components.ComponentRegistrar" />
204-->[com.google.firebase:firebase-messaging:23.0.3] AndroidManifest.xml:57:17-82
205            <meta-data
205-->[com.google.firebase:firebase-firestore:24.7.0] AndroidManifest.xml:19:13-21:85
206                android:name="com.google.firebase.components:com.google.firebase.firestore.FirestoreRegistrar"
206-->[com.google.firebase:firebase-firestore:24.7.0] AndroidManifest.xml:20:17-111
207                android:value="com.google.firebase.components.ComponentRegistrar" />
207-->[com.google.firebase:firebase-firestore:24.7.0] AndroidManifest.xml:21:17-82
208            <meta-data
208-->[com.google.android.gms:play-services-measurement-api:21.3.0] AndroidManifest.xml:31:13-33:85
209                android:name="com.google.firebase.components:com.google.firebase.analytics.connector.internal.AnalyticsConnectorRegistrar"
209-->[com.google.android.gms:play-services-measurement-api:21.3.0] AndroidManifest.xml:32:17-139
210                android:value="com.google.firebase.components.ComponentRegistrar" />
210-->[com.google.android.gms:play-services-measurement-api:21.3.0] AndroidManifest.xml:33:17-82
211            <meta-data
211-->[com.google.firebase:firebase-iid:21.1.0] AndroidManifest.xml:32:13-34:85
212                android:name="com.google.firebase.components:com.google.firebase.iid.Registrar"
212-->[com.google.firebase:firebase-iid:21.1.0] AndroidManifest.xml:33:17-96
213                android:value="com.google.firebase.components.ComponentRegistrar" />
213-->[com.google.firebase:firebase-iid:21.1.0] AndroidManifest.xml:34:17-82
214            <meta-data
214-->[com.google.firebase:firebase-datatransport:18.1.2] AndroidManifest.xml:28:13-30:85
215                android:name="com.google.firebase.components:com.google.firebase.datatransport.TransportRegistrar"
215-->[com.google.firebase:firebase-datatransport:18.1.2] AndroidManifest.xml:29:17-115
216                android:value="com.google.firebase.components.ComponentRegistrar" />
216-->[com.google.firebase:firebase-datatransport:18.1.2] AndroidManifest.xml:30:17-82
217            <meta-data
217-->[com.google.firebase:firebase-installations:17.0.1] AndroidManifest.xml:18:13-20:85
218                android:name="com.google.firebase.components:com.google.firebase.installations.FirebaseInstallationsRegistrar"
218-->[com.google.firebase:firebase-installations:17.0.1] AndroidManifest.xml:19:17-127
219                android:value="com.google.firebase.components.ComponentRegistrar" />
219-->[com.google.firebase:firebase-installations:17.0.1] AndroidManifest.xml:20:17-82
220        </service>
221
222        <activity
222-->[com.google.firebase:firebase-auth:22.1.0] AndroidManifest.xml:29:9-46:20
223            android:name="com.google.firebase.auth.internal.GenericIdpActivity"
223-->[com.google.firebase:firebase-auth:22.1.0] AndroidManifest.xml:30:13-80
224            android:excludeFromRecents="true"
224-->[com.google.firebase:firebase-auth:22.1.0] AndroidManifest.xml:31:13-46
225            android:exported="true"
225-->[com.google.firebase:firebase-auth:22.1.0] AndroidManifest.xml:32:13-36
226            android:launchMode="singleTask"
226-->[com.google.firebase:firebase-auth:22.1.0] AndroidManifest.xml:33:13-44
227            android:theme="@android:style/Theme.Translucent.NoTitleBar" >
227-->[com.google.firebase:firebase-auth:22.1.0] AndroidManifest.xml:34:13-72
228            <intent-filter>
228-->[com.google.firebase:firebase-auth:22.1.0] AndroidManifest.xml:35:13-45:29
229                <action android:name="android.intent.action.VIEW" />
229-->[com.google.firebase:firebase-auth:22.1.0] AndroidManifest.xml:36:17-69
229-->[com.google.firebase:firebase-auth:22.1.0] AndroidManifest.xml:36:25-66
230
231                <category android:name="android.intent.category.DEFAULT" />
231-->[com.google.firebase:firebase-auth:22.1.0] AndroidManifest.xml:38:17-76
231-->[com.google.firebase:firebase-auth:22.1.0] AndroidManifest.xml:38:27-73
232                <category android:name="android.intent.category.BROWSABLE" />
232-->[com.google.firebase:firebase-auth:22.1.0] AndroidManifest.xml:39:17-78
232-->[com.google.firebase:firebase-auth:22.1.0] AndroidManifest.xml:39:27-75
233
234                <data
234-->[com.google.firebase:firebase-auth:22.1.0] AndroidManifest.xml:41:17-44:51
235                    android:host="firebase.auth"
235-->[com.google.firebase:firebase-auth:22.1.0] AndroidManifest.xml:42:21-49
236                    android:path="/"
236-->[com.google.firebase:firebase-auth:22.1.0] AndroidManifest.xml:43:21-37
237                    android:scheme="genericidp" />
237-->[com.google.firebase:firebase-auth:22.1.0] AndroidManifest.xml:44:21-48
238            </intent-filter>
239        </activity>
240        <activity
240-->[com.google.firebase:firebase-auth:22.1.0] AndroidManifest.xml:47:9-64:20
241            android:name="com.google.firebase.auth.internal.RecaptchaActivity"
241-->[com.google.firebase:firebase-auth:22.1.0] AndroidManifest.xml:48:13-79
242            android:excludeFromRecents="true"
242-->[com.google.firebase:firebase-auth:22.1.0] AndroidManifest.xml:49:13-46
243            android:exported="true"
243-->[com.google.firebase:firebase-auth:22.1.0] AndroidManifest.xml:50:13-36
244            android:launchMode="singleTask"
244-->[com.google.firebase:firebase-auth:22.1.0] AndroidManifest.xml:51:13-44
245            android:theme="@android:style/Theme.Translucent.NoTitleBar" >
245-->[com.google.firebase:firebase-auth:22.1.0] AndroidManifest.xml:52:13-72
246            <intent-filter>
246-->[com.google.firebase:firebase-auth:22.1.0] AndroidManifest.xml:53:13-63:29
247                <action android:name="android.intent.action.VIEW" />
247-->[com.google.firebase:firebase-auth:22.1.0] AndroidManifest.xml:36:17-69
247-->[com.google.firebase:firebase-auth:22.1.0] AndroidManifest.xml:36:25-66
248
249                <category android:name="android.intent.category.DEFAULT" />
249-->[com.google.firebase:firebase-auth:22.1.0] AndroidManifest.xml:38:17-76
249-->[com.google.firebase:firebase-auth:22.1.0] AndroidManifest.xml:38:27-73
250                <category android:name="android.intent.category.BROWSABLE" />
250-->[com.google.firebase:firebase-auth:22.1.0] AndroidManifest.xml:39:17-78
250-->[com.google.firebase:firebase-auth:22.1.0] AndroidManifest.xml:39:27-75
251
252                <data
252-->[com.google.firebase:firebase-auth:22.1.0] AndroidManifest.xml:41:17-44:51
253                    android:host="firebase.auth"
253-->[com.google.firebase:firebase-auth:22.1.0] AndroidManifest.xml:42:21-49
254                    android:path="/"
254-->[com.google.firebase:firebase-auth:22.1.0] AndroidManifest.xml:43:21-37
255                    android:scheme="recaptcha" />
255-->[com.google.firebase:firebase-auth:22.1.0] AndroidManifest.xml:44:21-48
256            </intent-filter>
257        </activity>
258
259        <receiver
259-->[com.google.firebase:firebase-messaging:23.0.3] AndroidManifest.xml:31:9-38:20
260            android:name="com.google.firebase.iid.FirebaseInstanceIdReceiver"
260-->[com.google.firebase:firebase-messaging:23.0.3] AndroidManifest.xml:32:13-78
261            android:exported="true"
261-->[com.google.firebase:firebase-messaging:23.0.3] AndroidManifest.xml:33:13-36
262            android:permission="com.google.android.c2dm.permission.SEND" >
262-->[com.google.firebase:firebase-messaging:23.0.3] AndroidManifest.xml:34:13-73
263            <intent-filter>
263-->[com.google.firebase:firebase-messaging:23.0.3] AndroidManifest.xml:35:13-37:29
264                <action android:name="com.google.android.c2dm.intent.RECEIVE" />
264-->[com.google.firebase:firebase-messaging:23.0.3] AndroidManifest.xml:36:17-81
264-->[com.google.firebase:firebase-messaging:23.0.3] AndroidManifest.xml:36:25-78
265            </intent-filter>
266        </receiver>
267        <!--
268             FirebaseMessagingService performs security checks at runtime,
269             but set to not exported to explicitly avoid allowing another app to call it.
270        -->
271        <service
271-->[com.google.firebase:firebase-messaging:23.0.3] AndroidManifest.xml:44:9-51:19
272            android:name="com.google.firebase.messaging.FirebaseMessagingService"
272-->[com.google.firebase:firebase-messaging:23.0.3] AndroidManifest.xml:45:13-82
273            android:directBootAware="true"
273-->[com.google.firebase:firebase-messaging:23.0.3] AndroidManifest.xml:46:13-43
274            android:exported="false" >
274-->[com.google.firebase:firebase-messaging:23.0.3] AndroidManifest.xml:47:13-37
275            <intent-filter android:priority="-500" >
275-->src\main\AndroidManifest.xml:30:13-32:29
276                <action android:name="com.google.firebase.MESSAGING_EVENT" />
276-->src\main\AndroidManifest.xml:31:17-78
276-->src\main\AndroidManifest.xml:31:25-75
277            </intent-filter>
278        </service>
279
280        <activity
280-->[com.google.android.gms:play-services-base:18.1.0] AndroidManifest.xml:20:9-22:45
281            android:name="com.google.android.gms.common.api.GoogleApiActivity"
281-->[com.google.android.gms:play-services-base:18.1.0] AndroidManifest.xml:20:19-85
282            android:exported="false"
282-->[com.google.android.gms:play-services-base:18.1.0] AndroidManifest.xml:22:19-43